<?xml version="1.0" encoding="UTF-8"?>
<!-- Generated by org.testng.reporters.JUnitReportReporter -->
<testsuite hostname="Makif" failures="0" tests="1" name="com.assignmentPersado.tests.GiftCardPriceVerify" time="14.110" errors="0" timestamp="22 Dec 2021 22:08:12 GMT">
  <testcase classname="com.assignmentPersado.tests.GiftCardPriceVerify" name="verifyGiftCardPriceInTheCart" time="14.110"/>
</testsuite> <!-- com.assignmentPersado.tests.GiftCardPriceVerify -->
