<?xml version="1.0" encoding="UTF-8"?>
<!-- Generated by org.testng.reporters.JUnitReportReporter -->
<testsuite hostname="Makif" failures="0" tests="1" name="com.assignmentPersado.tests.GiftCardPriceVerify" time="15.365" errors="0" timestamp="23 Dec 2021 10:24:28 GMT">
  <testcase classname="com.assignmentPersado.tests.GiftCardPriceVerify" name="verifyGiftCardPriceInTheCart" time="15.365"/>
</testsuite> <!-- com.assignmentPersado.tests.GiftCardPriceVerify -->
